<?xml version="1.0" encoding="UTF-8"?>
<!-- Generated by org.testng.reporters.JUnitReportReporter -->
<testsuite hostname="Lenovo-PC" name="TestNGPackage.TestNGRegistrationScript" tests="2" failures="0" timestamp="19 Dec 2017 03:47:27 GMT" time="4.261" errors="0">
  <testcase name="TestingRegisterLink" time="0.600" classname="TestNGPackage.TestNGRegistrationScript"/>
  <testcase name="userregistrationtest" time="3.661" classname="TestNGPackage.TestNGRegistrationScript"/>
</testsuite> <!-- TestNGPackage.TestNGRegistrationScript -->
