<?xml version="1.0" encoding="UTF-8"?>
<!-- Generated by org.testng.reporters.JUnitReportReporter -->
<testsuite hostname="Lenovo-PC" name="TestNGPackage.TestNGThirdProgram" tests="2" failures="0" timestamp="21 Dec 2017 03:18:51 GMT" time="14.854" errors="0">
  <testcase name="verifyRegisterLink" time="10.157" classname="TestNGPackage.TestNGThirdProgram"/>
  <testcase name="userRegistration" time="4.697" classname="TestNGPackage.TestNGThirdProgram"/>
</testsuite> <!-- TestNGPackage.TestNGThirdProgram -->
