<?xml version="1.0" encoding="UTF-8"?>
<!-- Generated by org.testng.reporters.JUnitReportReporter -->
<testsuite hostname="Lenovo-PC" name="TestNGPackage.TestNGRegistationTest2nd" tests="1" failures="0" timestamp="1 Oct 2017 17:48:05 GMT" time="9.711" errors="0">
  <testcase name="userregisrtaion" time="9.711" classname="TestNGPackage.TestNGRegistationTest2nd"/>
</testsuite> <!-- TestNGPackage.TestNGRegistationTest2nd -->
