<?xml version="1.0" encoding="UTF-8"?>
<!-- Generated by org.testng.reporters.JUnitReportReporter -->
<testsuite hostname="Lenovo-PC" name="TestNGPackage.TestNGFlightRegistration" tests="1" failures="0" timestamp="1 Oct 2017 17:09:58 GMT" time="19.032" errors="0">
  <testcase name="RegistrationTest" time="19.032" classname="TestNGPackage.TestNGFlightRegistration"/>
</testsuite> <!-- TestNGPackage.TestNGFlightRegistration -->
