<?xml version="1.0" encoding="UTF-8"?>
<!-- Generated by org.testng.reporters.JUnitReportReporter -->
<testsuite hostname="Lenovo-PC" name="TestNGPackage.TestNGDataProviderTest$Sample_Login" tests="4" failures="0" timestamp="11 Feb 2017 04:54:18 GMT" time="18.058" errors="0">
  <testcase name="LogIn_Test" time="4.417" classname="TestNGPackage.TestNGDataProviderTest$Sample_Login"/>
  <testcase name="LogIn_Test" time="4.406" classname="TestNGPackage.TestNGDataProviderTest$Sample_Login"/>
  <testcase name="LogIn_Test" time="4.543" classname="TestNGPackage.TestNGDataProviderTest$Sample_Login"/>
  <testcase name="LogIn_Test" time="4.692" classname="TestNGPackage.TestNGDataProviderTest$Sample_Login"/>
</testsuite> <!-- TestNGPackage.TestNGDataProviderTest$Sample_Login -->
